seleniumtest.py:137:SB
--------------------------------------------------------------------
Last Page: https://www.google.com.hk/
 Duration: 16.78s
  Browser: Chrome 136.0.7103.93
   Driver: chromedriver 136.0.7103.92
Timestamp: 1747026755  (Unix Timestamp)
     Date: Monday, 12 May 2025
     Time: 1:12:35 PM  (CST, UTC+08:00)
--------------------------------------------------------------------
Traceback:
  Traceback (most recent call last):
  File "/Users/noah/Desktop/code/python/seleniumtest.py", line 15, in <module>
    sb.type('[title="Search"]', "SeleniumBase GitHub page\n")
  File "/Users/noah/Library/Python/3.9/lib/python/site-packages/seleniumbase/fixtures/base_case.py", line 1101, in type
    self.update_text(selector, text, by=by, timeout=timeout, retry=retry)
  File "/Users/noah/Library/Python/3.9/lib/python/site-packages/seleniumbase/fixtures/base_case.py", line 895, in update_text
    element = self.wait_for_element_clickable(
  File "/Users/noah/Library/Python/3.9/lib/python/site-packages/seleniumbase/fixtures/base_case.py", line 9181, in wait_for_element_clickable
    return page_actions.wait_for_element_clickable(
  File "/Users/noah/Library/Python/3.9/lib/python/site-packages/seleniumbase/fixtures/page_actions.py", line 910, in wait_for_element_clickable
    timeout_exception(NoSuchElementException, message)
  File "/Users/noah/Library/Python/3.9/lib/python/site-packages/seleniumbase/fixtures/page_actions.py", line 267, in timeout_exception
    raise exc(msg)
seleniumbase.common.exceptions.NoSuchElementException: Message: 
 Element {[title="Search"]} was not present after 10 seconds!

